0 info it worked if it ends with ok
1 verbose cli [ 'node',
1 verbose cli   '/usr/local/bin/npm',
1 verbose cli   'install',
1 verbose cli   '--save-dev',
1 verbose cli   'grunt-{tpull}' ]
2 info using npm@1.5.0-alpha-1
3 info using node@v0.10.29
4 verbose node symlink /usr/local/bin/node
5 warn package.json BoleroCrowdfunding@1.0.0 No repository field.
6 verbose readDependencies using package.json deps
7 verbose cache add [ 'grunt-{tpull}', null ]
8 verbose cache add spec="grunt-{tpull}" args=["grunt-{tpull}",null]
9 verbose parsed spec { raw: 'grunt-{tpull}',
9 verbose parsed spec   scope: null,
9 verbose parsed spec   name: null,
9 verbose parsed spec   rawSpec: 'grunt-{tpull}',
9 verbose parsed spec   spec: '/home/projects/bolcfpr/data/bolcfpr/vendor/kunstmaan/bundles-cms/grunt-{tpull}',
9 verbose parsed spec   type: 'local' }
10 error Error: couldn't figure out how to install grunt-{tpull}
10 error     at /usr/local/lib/node_modules/npm/lib/cache.js:278:12
10 error     at Object.oncomplete (evalmachine.<anonymous>:107:15)
11 error If you need help, you may report this *entire* log,
11 error including the npm and node versions, at:
11 error     <http://github.com/npm/npm/issues>
12 error System Darwin 13.4.0
13 error command "node" "/usr/local/bin/npm" "install" "--save-dev" "grunt-{tpull}"
14 error cwd /home/projects/bolcfpr/data/bolcfpr/vendor/kunstmaan/bundles-cms
15 error node -v v0.10.29
16 error npm -v 1.5.0-alpha-1
17 verbose exit [ 1, true ]
